\BOOKMARK [-1][-]{part.1}{Theorie}{}% 1
\BOOKMARK [0][-]{chapter.1}{Begriffe}{part.1}% 2
\BOOKMARK [1][-]{section.1.1}{Orthesen}{chapter.1}% 3
\BOOKMARK [1][-]{section.1.2}{Angetriebenes Exoskelett}{chapter.1}% 4
\BOOKMARK [0][-]{chapter.2}{Stand der Technik}{part.1}% 5
\BOOKMARK [1][-]{section.2.1}{Bionic Leg \(AlterG inc.\)}{chapter.2}% 6
\BOOKMARK [1][-]{section.2.2}{Ekso Exoskeleton \(Eksobionics Ltd.\)}{chapter.2}% 7
\BOOKMARK [1][-]{section.2.3}{Indego \(Parker Hannifin\)}{chapter.2}% 8
\BOOKMARK [1][-]{section.2.4}{Re-Walk \(Argo Medical\)}{chapter.2}% 9
\BOOKMARK [1][-]{section.2.5}{HAL \(Cyberdyne\)}{chapter.2}% 10
\BOOKMARK [1][-]{section.2.6}{Rex \(RexBionics\)}{chapter.2}% 11
\BOOKMARK [1][-]{section.2.7}{MyoPro \(Myomo\)}{chapter.2}% 12
\BOOKMARK [0][-]{chapter.3}{Stand der Forschung}{part.1}% 13
\BOOKMARK [1][-]{section.3.1}{NEUROExos \(BioRobotics Institute, Scuola Superiore Sant\220Anna, Italien\)}{chapter.3}% 14
\BOOKMARK [1][-]{section.3.2}{Ankle-Foot-Orthese \(Human Neuromechanics Laboratory, University of Michigan, USA\)}{chapter.3}% 15
\BOOKMARK [0][-]{chapter.4}{Myoelektrische Steuerung}{part.1}% 16
\BOOKMARK [1][-]{section.4.1}{Elektromyographische Signale}{chapter.4}% 17
\BOOKMARK [1][-]{section.4.2}{Signalverarbeitung}{chapter.4}% 18
\BOOKMARK [1][-]{section.4.3}{Myoelektrische Steuerung}{chapter.4}% 19
\BOOKMARK [0][-]{section.4.3}{Bibliography}{part.1}% 20
